[22:02:02] [Server thread/INFO]: Starting minecraft server version 1.8
[22:02:02] [Server thread/INFO]: Loading properties
[22:02:02] [Server thread/INFO]: Default game type: SURVIVAL
[22:02:03] [Server thread/INFO]: This server is running CraftBukkit version git-Spigot-c3c767f-33d5de3 (MC: 1.8) (Implementing API version 1.8-R0.1-SNAPSHOT)
[22:02:03] [Server thread/INFO]: Debug logging is disabled
[22:02:03] [Server thread/INFO]: Using 4 threads for Netty based IO
[22:02:03] [Server thread/INFO]: Server Ping Player Sample Count: 12
[22:02:03] [Server thread/INFO]: Generating keypair
[22:02:03] [Server thread/INFO]: Starting Minecraft server on *:25566
[22:02:03] [Server thread/INFO]: Set PluginClassLoader as parallel capable
[22:02:04] [Server thread/INFO]: [ViaVersion] Loading ViaVersion v3.2.1
[22:02:04] [Server thread/INFO]: [ViaVersion] ViaVersion 3.2.1 is now loaded, injecting!
[22:02:04] [Via-Mappingloader-0/INFO]: [ViaVersion] Loading 1.12 -> 1.13 mappings...
[22:02:04] [Via-Mappingloader-1/INFO]: [ViaVersion] Loading 1.13 -> 1.13.2 mappings...
[22:02:04] [Via-Mappingloader-3/INFO]: [ViaVersion] Loading 1.14 -> 1.15 mappings...
[22:02:04] [Via-Mappingloader-2/INFO]: [ViaVersion] Loading 1.13.2 -> 1.14 mappings...
[22:02:04] [Server thread/INFO]: [JoinCommands] Loading JoinCommands v4.0.0
[22:02:04] [Server thread/INFO]: [ChestCommands] Loading ChestCommands v3.1.4
[22:02:04] [Server thread/INFO]: [Essentials] Loading Essentials v2.16.1.0
[22:02:04] [Server thread/WARN]: **** SERVER IS RUNNING IN OFFLINE/INSECURE MODE!
[22:02:04] [Server thread/WARN]: The server will make no attempt to authenticate usernames. Beware.
[22:02:04] [Server thread/WARN]: While this makes the game possible to play without internet access, it also opens up the ability for hackers to connect with any username they choose.
[22:02:04] [Server thread/WARN]: To change this, set "online-mode" to "true" in the server.properties file.
[22:02:04] [Server thread/INFO]: **** Beginning UUID conversion, this may take A LONG time ****
[22:02:04] [Via-Mappingloader-5/INFO]: [ViaVersion] Loading 1.16 -> 1.16.2 mappings...
[22:02:04] [Via-Mappingloader-4/INFO]: [ViaVersion] Loading 1.15 -> 1.16 mappings...
[22:02:05] [Via-Mappingloader-0/INFO]: [ViaVersion] Loading block connection mappings ...
[22:02:05] [Server thread/INFO]: Preparing level "world"
[22:02:05] [Server thread/INFO]: -------- World Settings For [world] --------
[22:02:05] [Server thread/INFO]: Item Despawn Rate: 6000
[22:02:05] [Server thread/INFO]: Item Merge Radius: 2.5
[22:02:05] [Server thread/INFO]: Allow Zombie Pigmen to spawn from portal blocks: true
[22:02:05] [Server thread/INFO]: Entity Activation Range: An 32 / Mo 32 / Mi 16
[22:02:05] [Server thread/INFO]: Entity Tracking Range: Pl 48 / An 48 / Mo 48 / Mi 32 / Other 64
[22:02:05] [Server thread/INFO]: Alternative Hopper Ticking: false
[22:02:05] [Server thread/INFO]: Hopper Transfer: 8 Hopper Check: 8 Hopper Amount: 1
[22:02:05] [Server thread/INFO]: Anti X-Ray: true
[22:02:05] [Server thread/INFO]: 	Engine Mode: 1
[22:02:05] [Server thread/INFO]: 	Hidden Blocks: [14, 15, 16, 21, 48, 49, 54, 56, 73, 74, 82, 129, 130]
[22:02:05] [Server thread/INFO]: 	Replace Blocks: [1, 5]
[22:02:05] [Server thread/INFO]: Random Lighting Updates: false
[22:02:05] [Server thread/INFO]: Structure Info Saving: true
[22:02:05] [Server thread/INFO]: Mob Spawn Range: 4
[22:02:05] [Server thread/INFO]: Nerfing mobs spawned from spawners: false
[22:02:05] [Server thread/INFO]: Cactus Growth Modifier: 100%
[22:02:05] [Server thread/INFO]: Cane Growth Modifier: 100%
[22:02:05] [Server thread/INFO]: Melon Growth Modifier: 100%
[22:02:05] [Server thread/INFO]: Mushroom Growth Modifier: 100%
[22:02:05] [Server thread/INFO]: Pumpkin Growth Modifier: 100%
[22:02:05] [Server thread/INFO]: Sapling Growth Modifier: 100%
[22:02:05] [Server thread/INFO]: Wheat Growth Modifier: 100%
[22:02:05] [Server thread/INFO]: Max TNT Explosions: 100
[22:02:05] [Server thread/INFO]: Sending up to 10 chunks per packet
[22:02:05] [Server thread/INFO]: Tile Max Tick Time: 50ms Entity max Tick Time: 50ms
[22:02:05] [Server thread/INFO]: Arrow Despawn Rate: 1200
[22:02:05] [Server thread/INFO]: View Distance: 10
[22:02:05] [Server thread/INFO]: Experience Merge Radius: 3.0
[22:02:05] [Server thread/INFO]: Chunks to Grow per Tick: 650
[22:02:05] [Server thread/INFO]: Clear tick list: false
[22:02:05] [Server thread/INFO]: Custom Map Seeds:  Village: 10387312 Feature: 14357617
[22:02:05] [Server thread/INFO]: Max Entity Collisions: 8
[22:02:05] [Server thread/INFO]: Zombie Aggressive Towards Villager: true
[22:02:06] [Server thread/INFO]: -------- World Settings For [world_nether] --------
[22:02:06] [Server thread/INFO]: Item Despawn Rate: 6000
[22:02:06] [Server thread/INFO]: Item Merge Radius: 2.5
[22:02:06] [Server thread/INFO]: Allow Zombie Pigmen to spawn from portal blocks: true
[22:02:06] [Server thread/INFO]: Entity Activation Range: An 32 / Mo 32 / Mi 16
[22:02:06] [Server thread/INFO]: Entity Tracking Range: Pl 48 / An 48 / Mo 48 / Mi 32 / Other 64
[22:02:06] [Server thread/INFO]: Alternative Hopper Ticking: false
[22:02:06] [Server thread/INFO]: Hopper Transfer: 8 Hopper Check: 8 Hopper Amount: 1
[22:02:06] [Server thread/INFO]: Anti X-Ray: true
[22:02:06] [Server thread/INFO]: 	Engine Mode: 1
[22:02:06] [Server thread/INFO]: 	Hidden Blocks: [14, 15, 16, 21, 48, 49, 54, 56, 73, 74, 82, 129, 130]
[22:02:06] [Server thread/INFO]: 	Replace Blocks: [1, 5]
[22:02:06] [Server thread/INFO]: Random Lighting Updates: false
[22:02:06] [Server thread/INFO]: Structure Info Saving: true
[22:02:06] [Server thread/INFO]: Mob Spawn Range: 4
[22:02:06] [Server thread/INFO]: Nerfing mobs spawned from spawners: false
[22:02:06] [Server thread/INFO]: Cactus Growth Modifier: 100%
[22:02:06] [Server thread/INFO]: Cane Growth Modifier: 100%
[22:02:06] [Server thread/INFO]: Melon Growth Modifier: 100%
[22:02:06] [Server thread/INFO]: Mushroom Growth Modifier: 100%
[22:02:06] [Server thread/INFO]: Pumpkin Growth Modifier: 100%
[22:02:06] [Server thread/INFO]: Sapling Growth Modifier: 100%
[22:02:06] [Server thread/INFO]: Wheat Growth Modifier: 100%
[22:02:06] [Server thread/INFO]: Max TNT Explosions: 100
[22:02:06] [Server thread/INFO]: Sending up to 10 chunks per packet
[22:02:06] [Server thread/INFO]: Tile Max Tick Time: 50ms Entity max Tick Time: 50ms
[22:02:06] [Server thread/INFO]: Arrow Despawn Rate: 1200
[22:02:06] [Server thread/INFO]: View Distance: 10
[22:02:06] [Server thread/INFO]: Experience Merge Radius: 3.0
[22:02:06] [Server thread/INFO]: Chunks to Grow per Tick: 650
[22:02:06] [Server thread/INFO]: Clear tick list: false
[22:02:06] [Server thread/INFO]: Custom Map Seeds:  Village: 10387312 Feature: 14357617
[22:02:06] [Server thread/INFO]: Max Entity Collisions: 8
[22:02:06] [Server thread/INFO]: Zombie Aggressive Towards Villager: true
[22:02:06] [Server thread/INFO]: -------- World Settings For [world_the_end] --------
[22:02:06] [Server thread/INFO]: Item Despawn Rate: 6000
[22:02:06] [Server thread/INFO]: Item Merge Radius: 2.5
[22:02:06] [Server thread/INFO]: Allow Zombie Pigmen to spawn from portal blocks: true
[22:02:06] [Server thread/INFO]: Entity Activation Range: An 32 / Mo 32 / Mi 16
[22:02:06] [Server thread/INFO]: Entity Tracking Range: Pl 48 / An 48 / Mo 48 / Mi 32 / Other 64
[22:02:06] [Server thread/INFO]: Alternative Hopper Ticking: false
[22:02:06] [Server thread/INFO]: Hopper Transfer: 8 Hopper Check: 8 Hopper Amount: 1
[22:02:06] [Server thread/INFO]: Anti X-Ray: true
[22:02:06] [Server thread/INFO]: 	Engine Mode: 1
[22:02:06] [Server thread/INFO]: 	Hidden Blocks: [14, 15, 16, 21, 48, 49, 54, 56, 73, 74, 82, 129, 130]
[22:02:06] [Server thread/INFO]: 	Replace Blocks: [1, 5]
[22:02:06] [Server thread/INFO]: Random Lighting Updates: false
[22:02:06] [Server thread/INFO]: Structure Info Saving: true
[22:02:06] [Server thread/INFO]: Mob Spawn Range: 4
[22:02:06] [Server thread/INFO]: Nerfing mobs spawned from spawners: false
[22:02:06] [Server thread/INFO]: Cactus Growth Modifier: 100%
[22:02:06] [Server thread/INFO]: Cane Growth Modifier: 100%
[22:02:06] [Server thread/INFO]: Melon Growth Modifier: 100%
[22:02:06] [Server thread/INFO]: Mushroom Growth Modifier: 100%
[22:02:06] [Server thread/INFO]: Pumpkin Growth Modifier: 100%
[22:02:06] [Server thread/INFO]: Sapling Growth Modifier: 100%
[22:02:06] [Server thread/INFO]: Wheat Growth Modifier: 100%
[22:02:06] [Server thread/INFO]: Max TNT Explosions: 100
[22:02:06] [Server thread/INFO]: Sending up to 10 chunks per packet
[22:02:06] [Server thread/INFO]: Tile Max Tick Time: 50ms Entity max Tick Time: 50ms
[22:02:06] [Server thread/INFO]: Arrow Despawn Rate: 1200
[22:02:06] [Server thread/INFO]: View Distance: 10
[22:02:06] [Server thread/INFO]: Experience Merge Radius: 3.0
[22:02:06] [Server thread/INFO]: Chunks to Grow per Tick: 650
[22:02:06] [Server thread/INFO]: Clear tick list: false
[22:02:06] [Server thread/INFO]: Custom Map Seeds:  Village: 10387312 Feature: 14357617
[22:02:06] [Server thread/INFO]: Max Entity Collisions: 8
[22:02:06] [Server thread/INFO]: Zombie Aggressive Towards Villager: true
[22:02:06] [Server thread/INFO]: Preparing start region for level 0 (Seed: 6915075096920857947)
[22:02:07] [Server thread/INFO]: Preparing spawn area: 12%
[22:02:08] [Server thread/INFO]: Preparing spawn area: 97%
[22:02:08] [Server thread/INFO]: Preparing start region for level 1 (Seed: 6915075096920857947)
[22:02:08] [Server thread/INFO]: Preparing start region for level 2 (Seed: 6915075096920857947)
[22:02:08] [Server thread/INFO]: [ViaVersion] Enabling ViaVersion v3.2.1
[22:02:08] [Server thread/INFO]: [JoinCommands] Enabling JoinCommands v4.0.0
[22:02:08] [Server thread/INFO]: JoinCommands v 4.0.0 - Do not forget to change the config.yml before using.
[22:02:08] [Server thread/INFO]: [ChestCommands] Enabling ChestCommands v3.1.4
[22:02:08] [Server thread/WARN]: [ChestCommands] Vault with a compatible economy plugin was not found! Icons with a PRICE or commands that give money will not work.
[22:02:08] [Server thread/INFO]: [Essentials] Enabling Essentials v2.16.1.0
[22:02:08] [Server thread/ERROR]: [Essentials] You are running an unsupported server version!
[22:02:09] [Server thread/INFO]: Attempting to convert old kits in config.yml to new kits.yml
[22:02:09] [Server thread/INFO]: No kits found to migrate.
[22:02:09] [Server thread/INFO]: [Essentials] Starting Essentials ban format conversion
[22:02:09] [Server thread/INFO]: [Essentials] Found 1 files to convert...
[22:02:09] [Server thread/INFO]: [Essentials] Converted 0/1
[22:02:09] [Server thread/INFO]: [Essentials] Ban format update complete.
[22:02:09] [Server thread/INFO]: [Essentials] Starting usermap repair
[22:02:09] [Server thread/INFO]: [Essentials] Reading: 0,00%
[22:02:09] [Server thread/INFO]: [Essentials] Completed usermap repair.
[22:02:09] [Server thread/INFO]: [Essentials] Using legacy item data provider as mob spawner provider.
[22:02:09] [Server thread/INFO]: [Essentials] Using legacy item data provider as spawn egg provider.
[22:02:09] [Server thread/INFO]: [Essentials] Using legacy potion meta provider as potion meta provider.
[22:02:09] [Server thread/INFO]: Loaded 852 items from items.csv.
[22:02:09] [Server thread/INFO]: Using locale ru
[22:02:09] [Server thread/INFO]: [Essentials] ServerListPingEvent: Spigot iterator API
[22:02:09] [Server thread/INFO]: [Essentials] Starting Metrics. Opt-out using the global bStats config.
[22:02:09] [Server thread/INFO]: [Essentials] Using superperms-based permissions.
[22:02:09] [Server thread/INFO]: Server permissions file permissions.yml is empty, ignoring it
[22:02:09] [Server thread/INFO]: Done (4,383s)! For help, type "help" or "?"
[22:02:09] [Server thread/INFO]: [ViaVersion] ViaVersion detected server version: 1.8.x(47)
[22:02:09] [Server thread/WARN]: [ViaVersion] This version of Minecraft is over half a decade old and support for it will be fully dropped eventually. Please upgrade to a newer version to avoid encountering bugs and stability issues that have long been fixed.
[22:02:09] [Server thread/INFO]: [ViaVersion] Finished mapping loading, shutting down loader executor!
[22:06:36] [User Authenticator #1/INFO]: UUID of player tmasik is c8b64253-d87c-3a3b-96cb-a560f782fed7
[22:06:36] [Netty Server IO #1/WARN]: [ViaVersion] Ignoring plugin channel in incoming REGISTER: legacy:fml|hs
[22:06:37] [Server thread/INFO]: CONSOLE issued server command: /balance 
[22:06:37] [Server thread/INFO]: States the current balance of a player.[m
[22:06:37] [Server thread/INFO]: /balance [player][m
[22:06:37] [Server thread/INFO]: Unknown command. Type "/help" for help.[m
[22:06:37] [Server thread/INFO]: tmasik[/127.0.0.1:58750] logged in with entity id 128 at ([world] -111.5, 153.0, 170.5)
[22:06:44] [Server thread/INFO]: tmasik lost connection: Disconnected
[22:06:44] [Server thread/INFO]: [tmasik] art by cookocam
[22:06:44] [Server thread/INFO]: Unknown command. Type "/help" for help.[m
[22:06:44] [Server thread/INFO]: tmasik left the game.
[22:06:57] [User Authenticator #2/INFO]: UUID of player tmasik is c8b64253-d87c-3a3b-96cb-a560f782fed7
[22:06:57] [Netty Server IO #2/WARN]: [ViaVersion] Ignoring plugin channel in incoming REGISTER: legacy:fml|hs
[22:06:57] [Server thread/INFO]: CONSOLE issued server command: /balance 
[22:06:57] [Server thread/INFO]: States the current balance of a player.[m
[22:06:57] [Server thread/INFO]: /balance [player][m
[22:06:57] [Server thread/INFO]: Unknown command. Type "/help" for help.[m
[22:06:57] [Server thread/INFO]: tmasik[/127.0.0.1:58757] logged in with entity id 133 at ([world] -111.5, 153.0, 170.5)
[22:07:03] [Server thread/INFO]: tmasik lost connection: Disconnected
[22:07:03] [Server thread/INFO]: [tmasik] art by cookocam
[22:07:03] [Server thread/INFO]: Unknown command. Type "/help" for help.[m
[22:07:03] [Server thread/INFO]: tmasik left the game.
[22:09:48] [User Authenticator #3/INFO]: UUID of player tmasik is c8b64253-d87c-3a3b-96cb-a560f782fed7
[22:09:48] [Netty Server IO #3/WARN]: [ViaVersion] Ignoring plugin channel in incoming REGISTER: legacy:fml|hs
[22:09:48] [Server thread/INFO]: CONSOLE issued server command: /balance 
[22:09:48] [Server thread/INFO]: States the current balance of a player.[m
[22:09:48] [Server thread/INFO]: /balance [player][m
[22:09:48] [Server thread/INFO]: Unknown command. Type "/help" for help.[m
[22:09:48] [Server thread/INFO]: tmasik[/127.0.0.1:58794] logged in with entity id 138 at ([world] -111.5, 153.0, 170.5)
[22:09:53] [Server thread/INFO]: tmasik lost connection: Disconnected
[22:09:53] [Server thread/INFO]: [tmasik] art by cookocam
[22:09:53] [Server thread/INFO]: Unknown command. Type "/help" for help.[m
[22:09:53] [Server thread/INFO]: tmasik left the game.
[22:10:29] [Server thread/INFO]: Stopping the server
[22:10:29] [Server thread/INFO]: Stopping server
[22:10:29] [Server thread/INFO]: [Essentials] Disabling Essentials v2.16.1.0
[22:10:29] [Server thread/INFO]: [ChestCommands] Disabling ChestCommands v3.1.4
[22:10:29] [Server thread/INFO]: [JoinCommands] Disabling JoinCommands v4.0.0
[22:10:29] [Server thread/INFO]: [ViaVersion] Disabling ViaVersion v3.2.1
[22:10:29] [Server thread/INFO]: [ViaVersion] ViaVersion is disabling, if this is a reload and you experience issues consider rebooting.
[22:10:29] [Server thread/INFO]: Saving players
[22:10:29] [Server thread/INFO]: Saving worlds
[22:10:29] [Server thread/INFO]: Saving chunks for level 'world'/Overworld
[22:10:29] [Server thread/INFO]: Saving chunks for level 'world_nether'/Nether
[22:10:29] [Server thread/INFO]: Saving chunks for level 'world_the_end'/The End
